<?xml version="1.0" encoding="UTF-8" ?>
<testsuite failures="0" time="3.326" errors="0" skipped="0" tests="4" name="net.vvakame.util.jsonpullparser.factory.JsonAnnotationProcessorTest">
  <properties>
[...]
</properties>
  <testcase time="1.51" classname="net.vvakame.util.jsonpullparser.factory.JsonAnnotationProcessorTest" name="testForSampleData"/>
  <testcase time="0.178" classname="net.vvakame.util.jsonpullparser.factory.JsonAnnotationProcessorTest" name="testForComplexData"/>
  <testcase time="0.358" classname="net.vvakame.util.jsonpullparser.factory.JsonAnnotationProcessorTest" name="testForConverterData"/>
  <testcase time="0.962" classname="net.vvakame.util.jsonpullparser.factory.JsonAnnotationProcessorTest" name="testForTwitter"/>
</testsuite>